<?xml version="1.0" encoding="UTF-8"?>
<testsuite name="com.devaz.ironmanquesting.IronmanQuestingPluginTest" tests="1" skipped="0" failures="0" errors="0" timestamp="2025-04-20T22:02:12.847Z" hostname="DESKTOP-J74DTCN" time="1.242">
  <properties/>
  <testcase name="testPluginStartup()" classname="com.devaz.ironmanquesting.IronmanQuestingPluginTest" time="1.242"/>
  <system-out><![CDATA[[IronmanQuestingPlugin] ]]>&#x1f527;<![CDATA[ Ironman Questing Helper started
✅ Plugin startup completed successfully
]]></system-out>
  <system-err><![CDATA[WARNING: A Java agent has been loaded dynamically (C:\Users\aznet\.gradle\caches\modules-2\files-2.1\net.bytebuddy\byte-buddy-agent\1.14.12\be4984cb6fd1ef1d11f218a648889dfda44b8a15\byte-buddy-agent-1.14.12.jar)
WARNING: If a serviceability tool is in use, please run with -XX:+EnableDynamicAgentLoading to hide this warning
WARNING: If a serviceability tool is not in use, please run with -Djdk.instrument.traceUsage for more information
WARNING: Dynamic loading of agents will be disallowed by default in a future release
[IronmanQuestingOverlay] Failed to load quest_steps.json: null
]]></system-err>
</testsuite>
